<?xml version="1.0" encoding="UTF-8" ?>
<testsuite tests="4" failures="0" name="kmg.sample.seasar2.console.application.service.impl.SampleServiceImplTest" time="1.79" errors="0" skipped="0">
  <properties>
[...]
</properties>
  <testcase classname="kmg.sample.seasar2.console.application.service.impl.SampleServiceImplTest" name="testSample01" time="1.134"/>
  <testcase classname="kmg.sample.seasar2.console.application.service.impl.SampleServiceImplTest" name="testSample02" time="0.25"/>
  <testcase classname="kmg.sample.seasar2.console.application.service.impl.SampleServiceImplTest" name="testSample03" time="0.185"/>
  <testcase classname="kmg.sample.seasar2.console.application.service.impl.SampleServiceImplTest" name="testSample04" time="0.221"/>
</testsuite>