# JRE version: Java(TM) SE Runtime Environment (8.0_161-b12) (build 1.8.0_161-b12)
# Java VM: Java HotSpot(TM) 64-Bit Server VM (25.161-b12 mixed mode windows-amd64 compressed oops)
Heap:
 PSYoungGen      total 141824K, used 8725K [0x000000076ab80000, 0x0000000774080000, 0x00000007c0000000)
  eden space 131072K, 0% used [0x000000076ab80000,0x000000076ab80000,0x0000000772b80000)
  from space 10752K, 81% used [0x0000000773600000,0x0000000773e85408,0x0000000774080000)
  to   space 10752K, 0% used [0x0000000772b80000,0x0000000772b80000,0x0000000773600000)
 ParOldGen       total 175104K, used 24K [0x00000006c0200000, 0x00000006cad00000, 0x000000076ab80000)
  object space 175104K, 0% used [0x00000006c0200000,0x00000006c0206000,0x00000006cad00000)
 Metaspace       used 15736K, capacity 15950K, committed 16128K, reserved 1067008K
  class space    used 1901K, capacity 1975K, committed 2048K, reserved 1048576K
GC Heap History (3 events):
Event: 1.599 GC heap before
{Heap before GC invocations=1 (full 0):
 PSYoungGen      total 76288K, used 65536K [0x000000076ab80000, 0x0000000770080000, 0x00000007c0000000)
  eden space 65536K, 100% used [0x000000076ab80000,0x000000076eb80000,0x000000076eb80000)
  from space 10752K, 0% used [0x000000076f600000,0x000000076f600000,0x0000000770080000)
  to   space 10752K, 0% used [0x000000076eb80000,0x000000076eb80000,0x000000076f600000)
 ParOldGen       total 175104K, used 0K [0x00000006c0200000, 0x00000006cad00000, 0x000000076ab80000)
  object space 175104K, 0% used [0x00000006c0200000,0x00000006c0200000,0x00000006cad00000)
 Metaspace       used 11206K, capacity 11438K, committed 11776K, reserved 1058816K
  class space    used 1378K, capacity 1447K, committed 1536K, reserved 1048576K
Event: 1.621 GC heap after
Heap after GC invocations=1 (full 0):
 PSYoungGen      total 76288K, used 9697K [0x000000076ab80000, 0x0000000774080000, 0x00000007c0000000)
  eden space 65536K, 0% used [0x000000076ab80000,0x000000076ab80000,0x000000076eb80000)
  from space 10752K, 90% used [0x000000076eb80000,0x000000076f4f8610,0x000000076f600000)
  to   space 10752K, 0% used [0x0000000773600000,0x0000000773600000,0x0000000774080000)
 ParOldGen       total 175104K, used 16K [0x00000006c0200000, 0x00000006cad00000, 0x000000076ab80000)
  object space 175104K, 0% used [0x00000006c0200000,0x00000006c0204000,0x00000006cad00000)
 Metaspace       used 11206K, capacity 11438K, committed 11776K, reserved 1058816K
  class space    used 1378K, capacity 1447K, committed 1536K, reserved 1048576K
}
Event: 2.628 GC heap before
{Heap before GC invocations=2 (full 0):
 PSYoungGen      total 76288K, used 52761K [0x000000076ab80000, 0x0000000774080000, 0x00000007c0000000)
  eden space 65536K, 65% used [0x000000076ab80000,0x000000076d58de00,0x000000076eb80000)
  from space 10752K, 90% used [0x000000076eb80000,0x000000076f4f8610,0x000000076f600000)
  to   space 10752K, 0% used [0x0000000773600000,0x0000000773600000,0x0000000774080000)
 ParOldGen       total 175104K, used 16K [0x00000006c0200000, 0x00000006cad00000, 0x000000076ab80000)
  object space 175104K, 0% used [0x00000006c0200000,0x00000006c0204000,0x00000006cad00000)
 Metaspace       used 15736K, capacity 15950K, committed 16128K, reserved 1067008K
  class space    used 1901K, capacity 1975K, committed 2048K, reserved 1048576K

